<?xml version="1.0" encoding="UTF-8"?>
<!-- Generated by org.testng.reporters.JUnitReportReporter -->
<testsuite hostname="LAPTOP-H1TNR4U6" failures="0" tests="1" name="NewTest" time="8.234" errors="0" timestamp="2024-05-07T20:30:40 IST" skipped="0">
  <testcase classname="NewTest" name="testSearchPerformance" time="8.234"/>
  <system-out/>
</testsuite> <!-- NewTest -->
