<?xml version="1.0" encoding="UTF-8"?>
<!-- Generated by org.testng.reporters.JUnitReportReporter -->
<testsuite hostname="LAPTOP-H1TNR4U6" failures="0" tests="1" name="pom_test.NewTest" time="0.529" errors="0" timestamp="2024-05-07T20:25:20 IST" skipped="0">
  <testcase classname="pom_test.NewTest" name="testLogin" time="0.529"/>
  <system-out/>
</testsuite> <!-- pom_test.NewTest -->
