<?xml version="1.0" encoding="UTF-8"?>
<!-- Generated by org.testng.reporters.JUnitReportReporter -->
<testsuite hostname="LAPTOP-H1TNR4U6" failures="0" tests="1" name="ebay_pom.NewTest" time="7.673" errors="0" timestamp="2024-05-07T21:36:41 IST" skipped="0">
  <testcase classname="ebay_pom.NewTest" name="searchAndAddToCartTest" time="7.673"/>
  <system-out/>
</testsuite> <!-- ebay_pom.NewTest -->
