<?xml version="1.0" encoding="UTF-8"?>
<!-- Generated by org.testng.reporters.JUnitReportReporter -->
<testsuite hostname="LAPTOP-H1TNR4U6" failures="0" tests="2" name="data_driven.test_driven" time="0.631" errors="0" timestamp="2024-05-07T22:44:04 IST" skipped="0">
  <testcase classname="data_driven.test_driven" name="testLogin" time="0.310"/>
  <system-out/>
  <testcase classname="data_driven.test_driven" name="testLogin" time="0.321"/>
  <system-out/>
</testsuite> <!-- data_driven.test_driven -->
